<?xml version="1.0" encoding="UTF-8"?>
<!-- Generated by org.testng.reporters.JUnitReportReporter -->
<testsuite skipped="0" hostname="TGC-VR-047" name="testCases.TestLaunching" tests="1" failures="0" timestamp="2021-07-29T19:56:14 IST" time="41.969" errors="0">
  <testcase name="SignUp" time="41.969" classname="testCases.TestLaunching"/>
  <system-out/>
</testsuite> <!-- testCases.TestLaunching -->
