<?xml version="1.0" encoding="UTF-8"?>
<!-- Generated by org.testng.reporters.JUnitReportReporter -->
<testsuite skipped="0" hostname="TGC-VR-047" name="Launch_Browser.TestLaunching" tests="1" failures="0" timestamp="2021-07-29T16:51:16 IST" time="39.799" errors="0">
  <testcase name="demo" time="39.799" classname="Launch_Browser.TestLaunching"/>
  <system-out/>
</testsuite> <!-- Launch_Browser.TestLaunching -->
